,number,value,duration,params_Dropout,params_learn_rate,system_attrs_grid_id,system_attrs_search_space,ID_G,ID_MSE,ID_MAE,ID_G_div_MSE,ID_G_sum_MSE,ID_G_div_MAE,ID_G_sum_MAE,OD_G,OD_MSE,OD_MAE,OD_G_div_MSE,OD_G_sum_MSE,OD_G_div_MAE,OD_G_sum_MAE
304,304,0.6311053750000003,0 days 00:01:53.222597,0.39137931034482754,0.00015000000000000001,172,"OrderedDict([('Dropout', [0.05, 0.08103448275862069, 0.11206896551724138, 0.14310344827586208, 0.17413793103448275, 0.20517241379310341, 0.2362068965517241, 0.2672413793103448, 0.2982758620689655, 0.32931034482758614, 0.36034482758620684, 0.39137931034482754, 0.42241379310344823, 0.45344827586206893, 0.48448275862068957, 0.5155172413793103, 0.546551724137931, 0.5775862068965517, 0.6086206896551724, 0.6396551724137931, 0.6706896551724137, 0.7017241379310345, 0.7327586206896551, 0.7637931034482758, 0.7948275862068965, 0.8258620689655172, 0.8568965517241379, 0.8879310344827586, 0.9189655172413792, 0.95]), ('learn_rate', [0.0001, 0.00010714285714285715, 0.0001142857142857143, 0.00012142857142857143, 0.00012857142857142858, 0.00013571428571428572, 0.00014285714285714287, 0.00015000000000000001, 0.00015714285714285716, 0.0001642857142857143, 0.00017142857142857145, 0.0001785714285714286, 0.00018571428571428574, 0.0001928571428571429, 0.0002])])",0.80657404396462,0.00730073731392622,0.04960599169135094,0.009051540114085873,0.10036334667465313,0.06150209278681783,0.12151597386336549,0.6311053750000003,0.046299222856760025,0.11934857070446014,0.07336211144891612,0.20759692392837986,0.1891103695709454,0.24412159785222992
305,305,0.5653598750000004,0 days 00:01:53.291806,0.2672413793103448,0.00015000000000000001,112,"OrderedDict([('Dropout', [0.05, 0.08103448275862069, 0.11206896551724138, 0.14310344827586208, 0.17413793103448275, 0.20517241379310341, 0.2362068965517241, 0.2672413793103448, 0.2982758620689655, 0.32931034482758614, 0.36034482758620684, 0.39137931034482754, 0.42241379310344823, 0.45344827586206893, 0.48448275862068957, 0.5155172413793103, 0.546551724137931, 0.5775862068965517, 0.6086206896551724, 0.6396551724137931, 0.6706896551724137, 0.7017241379310345, 0.7327586206896551, 0.7637931034482758, 0.7948275862068965, 0.8258620689655172, 0.8568965517241379, 0.8879310344827586, 0.9189655172413792, 0.95]), ('learn_rate', [0.0001, 0.00010714285714285715, 0.0001142857142857143, 0.00012142857142857143, 0.00012857142857142858, 0.00013571428571428572, 0.00014285714285714287, 0.00015000000000000001, 0.00015714285714285716, 0.0001642857142857143, 0.00017142857142857145, 0.0001785714285714286, 0.00018571428571428574, 0.0001928571428571429, 0.0002])])",0.6844557167013525,0.0064864810556173325,0.04775533080101013,0.009476845466172895,0.1610153821771324,0.06977124982045718,0.1816498070498288,0.5653598750000004,0.040782179683446884,0.11221956461668015,0.07213490289427925,0.23771115234172324,0.19849226940040637,0.2734298448083399
306,306,0.8411573125000009,0 days 00:01:53.173966,0.6396551724137931,0.00010714285714285715,286,"OrderedDict([('Dropout', [0.05, 0.08103448275862069, 0.11206896551724138, 0.14310344827586208, 0.17413793103448275, 0.20517241379310341, 0.2362068965517241, 0.2672413793103448, 0.2982758620689655, 0.32931034482758614, 0.36034482758620684, 0.39137931034482754, 0.42241379310344823, 0.45344827586206893, 0.48448275862068957, 0.5155172413793103, 0.546551724137931, 0.5775862068965517, 0.6086206896551724, 0.6396551724137931, 0.6706896551724137, 0.7017241379310345, 0.7327586206896551, 0.7637931034482758, 0.7948275862068965, 0.8258620689655172, 0.8568965517241379, 0.8879310344827586, 0.9189655172413792, 0.95]), ('learn_rate', [0.0001, 0.00010714285714285715, 0.0001142857142857143, 0.00012142857142857143, 0.00012857142857142858, 0.00013571428571428572, 0.00014285714285714287, 0.00015000000000000001, 0.00015714285714285716, 0.0001642857142857143, 0.00017142857142857145, 0.0001785714285714286, 0.00018571428571428574, 0.0001928571428571429, 0.0002])])",0.8652021527055155,0.007963856682181358,0.05346329137682915,0.009204619587778552,0.07138085198833294,0.06179283212558786,0.09413056933565683,0.8411573125000009,0.04950084537267685,0.1254671812057495,0.05884849912979481,0.10417176643633796,0.1491601860213863,0.1421549343528743
307,307,0.5688878125000015,0 days 00:01:53.066974,0.17413793103448275,0.0001785714285714286,71,"OrderedDict([('Dropout', [0.05, 0.08103448275862069, 0.11206896551724138, 0.14310344827586208, 0.17413793103448275, 0.20517241379310341, 0.2362068965517241, 0.2672413793103448, 0.2982758620689655, 0.32931034482758614, 0.36034482758620684, 0.39137931034482754, 0.42241379310344823, 0.45344827586206893, 0.48448275862068957, 0.5155172413793103, 0.546551724137931, 0.5775862068965517, 0.6086206896551724, 0.6396551724137931, 0.6706896551724137, 0.7017241379310345, 0.7327586206896551, 0.7637931034482758, 0.7948275862068965, 0.8258620689655172, 0.8568965517241379, 0.8879310344827586, 0.9189655172413792, 0.95]), ('learn_rate', [0.0001, 0.00010714285714285715, 0.0001142857142857143, 0.00012142857142857143, 0.00012857142857142858, 0.00013571428571428572, 0.00014285714285714287, 0.00015000000000000001, 0.00015714285714285716, 0.0001642857142857143, 0.00017142857142857145, 0.0001785714285714286, 0.00018571428571428574, 0.0001928571428571429, 0.0002])])",0.756459514828304,0.005992549005895853,0.04403998702764511,0.007921837042734536,0.12476651708879594,0.058218564462952135,0.14379023609967057,0.5688878125000015,0.04130147024989128,0.11258332431316376,0.07260037804007477,0.23620682887494487,0.1979007492152303,0.2718477559065811
308,308,0.16437540625000074,0 days 00:01:53.297890,0.14310344827586208,0.00015714285714285716,53,"OrderedDict([('Dropout', [0.05, 0.08103448275862069, 0.11206896551724138, 0.14310344827586208, 0.17413793103448275, 0.20517241379310341, 0.2362068965517241, 0.2672413793103448, 0.2982758620689655, 0.32931034482758614, 0.36034482758620684, 0.39137931034482754, 0.42241379310344823, 0.45344827586206893, 0.48448275862068957, 0.5155172413793103, 0.546551724137931, 0.5775862068965517, 0.6086206896551724, 0.6396551724137931, 0.6706896551724137, 0.7017241379310345, 0.7327586206896551, 0.7637931034482758, 0.7948275862068965, 0.8258620689655172, 0.8568965517241379, 0.8879310344827586, 0.9189655172413792, 0.95]), ('learn_rate', [0.0001, 0.00010714285714285715, 0.0001142857142857143, 0.00012142857142857143, 0.00012857142857142858, 0.00013571428571428572, 0.00014285714285714287, 0.00015000000000000001, 0.00015714285714285716, 0.0001642857142857143, 0.00017142857142857145, 0.0001785714285714286, 0.00018571428571428574, 0.0001928571428571429, 0.0002])])",0.16784823100936583,0.006724541075527668,0.047497738152742386,0.04006322280008088,0.4194381550330809,0.28298027251828495,0.43982475357168827,0.16437540625000074,0.04439718276262283,0.11534535139799118,0.27009626181606855,0.4400108882563111,0.7017190346745723,0.47548497257399525
309,309,0.7336108750000001,0 days 00:01:53.467764,0.7017241379310345,0.0001642857142857143,324,"OrderedDict([('Dropout', [0.05, 0.08103448275862069, 0.11206896551724138, 0.14310344827586208, 0.17413793103448275, 0.20517241379310341, 0.2362068965517241, 0.2672413793103448, 0.2982758620689655, 0.32931034482758614, 0.36034482758620684, 0.39137931034482754, 0.42241379310344823, 0.45344827586206893, 0.48448275862068957, 0.5155172413793103, 0.546551724137931, 0.5775862068965517, 0.6086206896551724, 0.6396551724137931, 0.6706896551724137, 0.7017241379310345, 0.7327586206896551, 0.7637931034482758, 0.7948275862068965, 0.8258620689655172, 0.8568965517241379, 0.8879310344827586, 0.9189655172413792, 0.95]), ('learn_rate', [0.0001, 0.00010714285714285715, 0.0001142857142857143, 0.00012142857142857143, 0.00012857142857142858, 0.00013571428571428572, 0.00014285714285714287, 0.00015000000000000001, 0.00015714285714285716, 0.0001642857142857143, 0.00017142857142857145, 0.0001785714285714286, 0.00018571428571428574, 0.0001928571428571429, 0.0002])])",0.8527396462018735,0.00769010279327631,0.051846589893102646,0.009018113356788612,0.07747522829570141,0.0608000227549274,0.09955347184561458,0.7336108750000001,0.04731602221727371,0.12033823132514954,0.06449743839644376,0.1568525736086368,0.16403550632363448,0.19336367816257471
310,310,0.6490870624999989,0 days 00:01:53.137625,0.42241379310344823,0.00015000000000000001,187,"OrderedDict([('Dropout', [0.05, 0.08103448275862069, 0.11206896551724138, 0.14310344827586208, 0.17413793103448275, 0.20517241379310341, 0.2362068965517241, 0.2672413793103448, 0.2982758620689655, 0.32931034482758614, 0.36034482758620684, 0.39137931034482754, 0.42241379310344823, 0.45344827586206893, 0.48448275862068957, 0.5155172413793103, 0.546551724137931, 0.5775862068965517, 0.6086206896551724, 0.6396551724137931, 0.6706896551724137, 0.7017241379310345, 0.7327586206896551, 0.7637931034482758, 0.7948275862068965, 0.8258620689655172, 0.8568965517241379, 0.8879310344827586, 0.9189655172413792, 0.95]), ('learn_rate', [0.0001, 0.00010714285714285715, 0.0001142857142857143, 0.00012142857142857143, 0.00012857142857142858, 0.00013571428571428572, 0.00014285714285714287, 0.00015000000000000001, 0.00015714285714285716, 0.0001642857142857143, 0.00017142857142857145, 0.0001785714285714286, 0.00018571428571428574, 0.0001928571428571429, 0.0002])])",0.823059378251821,0.006857728585600853,0.048336211591959,0.008331997382942985,0.09189917516688995,0.05872749022631291,0.11263841667006902,0.6490870624999989,0.042042650282382965,0.11174748092889786,0.06477197391741733,0.19647779389119202,0.1721610048712041,0.23133020921444947
311,311,0.7753193124999999,0 days 00:01:55.486873,0.7327586206896551,0.0002,344,"OrderedDict([('Dropout', [0.05, 0.08103448275862069, 0.11206896551724138, 0.14310344827586208, 0.17413793103448275, 0.20517241379310341, 0.2362068965517241, 0.2672413793103448, 0.2982758620689655, 0.32931034482758614, 0.36034482758620684, 0.39137931034482754, 0.42241379310344823, 0.45344827586206893, 0.48448275862068957, 0.5155172413793103, 0.546551724137931, 0.5775862068965517, 0.6086206896551724, 0.6396551724137931, 0.6706896551724137, 0.7017241379310345, 0.7327586206896551, 0.7637931034482758, 0.7948275862068965, 0.8258620689655172, 0.8568965517241379, 0.8879310344827586, 0.9189655172413792, 0.95]), ('learn_rate', [0.0001, 0.00010714285714285715, 0.0001142857142857143, 0.00012142857142857143, 0.00012857142857142858, 0.00013571428571428572, 0.00014285714285714287, 0.00015000000000000001, 0.00015714285714285716, 0.0001642857142857143, 0.00017142857142857145, 0.0001785714285714286, 0.00018571428571428574, 0.0001928571428571429, 0.0002])])",0.9583337539021854,0.007776281330734491,0.05235635116696358,0.008114376957996822,0.024721263714274522,0.0546326902853799,0.047011298632389065,0.7753193124999999,0.04554671421647072,0.11865315586328506,0.058745749631343956,0.13511370085823543,0.15303779223645367,0.1716669216816426
312,312,0.9125111249999989,0 days 00:01:55.632713,0.8879310344827586,0.00012857142857142858,409,"OrderedDict([('Dropout', [0.05, 0.08103448275862069, 0.11206896551724138, 0.14310344827586208, 0.17413793103448275, 0.20517241379310341, 0.2362068965517241, 0.2672413793103448, 0.2982758620689655, 0.32931034482758614, 0.36034482758620684, 0.39137931034482754, 0.42241379310344823, 0.45344827586206893, 0.48448275862068957, 0.5155172413793103, 0.546551724137931, 0.5775862068965517, 0.6086206896551724, 0.6396551724137931, 0.6706896551724137, 0.7017241379310345, 0.7327586206896551, 0.7637931034482758, 0.7948275862068965, 0.8258620689655172, 0.8568965517241379, 0.8879310344827586, 0.9189655172413792, 0.95]), ('learn_rate', [0.0001, 0.00010714285714285715, 0.0001142857142857143, 0.00012142857142857143, 0.00012857142857142858, 0.00013571428571428572, 0.00014285714285714287, 0.00015000000000000001, 0.00015714285714285716, 0.0001642857142857143, 0.00017142857142857145, 0.0001785714285714286, 0.00018571428571428574, 0.0001928571428571429, 0.0002])])",0.9738267657388141,0.011545381508767605,0.06712944060564041,0.011855683079329268,0.01885930788497675,0.06893365736842451,0.046651337433413154,0.9125111249999989,0.05077241361141205,0.13253670930862427,0.055640322863364663,0.06913064430570659,0.14524393804911084,0.1100127921543127
313,313,0.7770092500000005,0 days 00:01:53.128561,0.45344827586206893,0.00013571428571428572,200,"OrderedDict([('Dropout', [0.05, 0.08103448275862069, 0.11206896551724138, 0.14310344827586208, 0.17413793103448275, 0.20517241379310341, 0.2362068965517241, 0.2672413793103448, 0.2982758620689655, 0.32931034482758614, 0.36034482758620684, 0.39137931034482754, 0.42241379310344823, 0.45344827586206893, 0.48448275862068957, 0.5155172413793103, 0.546551724137931, 0.5775862068965517, 0.6086206896551724, 0.6396551724137931, 0.6706896551724137, 0.7017241379310345, 0.7327586206896551, 0.7637931034482758, 0.7948275862068965, 0.8258620689655172, 0.8568965517241379, 0.8879310344827586, 0.9189655172413792, 0.95]), ('learn_rate', [0.0001, 0.00010714285714285715, 0.0001142857142857143, 0.00012142857142857143, 0.00012857142857142858, 0.00013571428571428572, 0.00014285714285714287, 0.00015000000000000001, 0.00015714285714285716, 0.0001642857142857143, 0.00017142857142857145, 0.0001785714285714286, 0.00018571428571428574, 0.0001928571428571429, 0.0002])])",0.8537693938605615,0.006956489756703377,0.048552919179201126,0.00814797275087085,0.07659354794807094,0.05686889168005341,0.09739176265931981,0.7770092500000005,0.04385712742805481,0.11584759503602982,0.056443507497568116,0.13342393871402713,0.14909422897607685,0.16941917251801464
314,314,0.7628835625000003,0 days 00:01:52.852782,0.42241379310344823,0.0001785714285714286,191,"OrderedDict([('Dropout', [0.05, 0.08103448275862069, 0.11206896551724138, 0.14310344827586208, 0.17413793103448275, 0.20517241379310341, 0.2362068965517241, 0.2672413793103448, 0.2982758620689655, 0.32931034482758614, 0.36034482758620684, 0.39137931034482754, 0.42241379310344823, 0.45344827586206893, 0.48448275862068957, 0.5155172413793103, 0.546551724137931, 0.5775862068965517, 0.6086206896551724, 0.6396551724137931, 0.6706896551724137, 0.7017241379310345, 0.7327586206896551, 0.7637931034482758, 0.7948275862068965, 0.8258620689655172, 0.8568965517241379, 0.8879310344827586, 0.9189655172413792, 0.95]), ('learn_rate', [0.0001, 0.00010714285714285715, 0.0001142857142857143, 0.00012142857142857143, 0.00012857142857142858, 0.00013571428571428572, 0.00014285714285714287, 0.00015000000000000001, 0.00015714285714285716, 0.0001642857142857143, 0.00017142857142857145, 0.0001785714285714286, 0.00018571428571428574, 0.0001928571428571429, 0.0002])])",0.7695620772632675,0.006777745671570301,0.0481940321624279,0.008807276075340743,0.11860783420415139,0.0626252690800676,0.1393159774495802,0.7628835625000003,0.041691627353429794,0.11311986297369003,0.054650053301456177,0.13940403242671473,0.14827932928976953,0.17511815023684485
315,315,0.7590696250000012,0 days 00:01:53.198911,0.45344827586206893,0.00015000000000000001,202,"OrderedDict([('Dropout', [0.05, 0.08103448275862069, 0.11206896551724138, 0.14310344827586208, 0.17413793103448275, 0.20517241379310341, 0.2362068965517241, 0.2672413793103448, 0.2982758620689655, 0.32931034482758614, 0.36034482758620684, 0.39137931034482754, 0.42241379310344823, 0.45344827586206893, 0.48448275862068957, 0.5155172413793103, 0.546551724137931, 0.5775862068965517, 0.6086206896551724, 0.6396551724137931, 0.6706896551724137, 0.7017241379310345, 0.7327586206896551, 0.7637931034482758, 0.7948275862068965, 0.8258620689655172, 0.8568965517241379, 0.8879310344827586, 0.9189655172413792, 0.95]), ('learn_rate', [0.0001, 0.00010714285714285715, 0.0001142857142857143, 0.00012142857142857143, 0.00012857142857142858, 0.00013571428571428572, 0.00014285714285714287, 0.00015000000000000001, 0.00015714285714285716, 0.0001642857142857143, 0.00017142857142857145, 0.0001785714285714286, 0.00018571428571428574, 0.0001928571428571429, 0.0002])])",0.9417158818938606,0.006806246004998684,0.04850925877690315,0.007227494126265364,0.032545182055569055,0.051511564909946544,0.05339668844152129,0.7590696250000012,0.04271216690540314,0.11513583362102509,0.05626910298960134,0.14182127095270097,0.1516802014321478,0.17803310431051195
316,316,0.41985174999999997,0 days 00:01:53.169906,0.2982758620689655,0.0001,120,"OrderedDict([('Dropout', [0.05, 0.08103448275862069, 0.11206896551724138, 0.14310344827586208, 0.17413793103448275, 0.20517241379310341, 0.2362068965517241, 0.2672413793103448, 0.2982758620689655, 0.32931034482758614, 0.36034482758620684, 0.39137931034482754, 0.42241379310344823, 0.45344827586206893, 0.48448275862068957, 0.5155172413793103, 0.546551724137931, 0.5775862068965517, 0.6086206896551724, 0.6396551724137931, 0.6706896551724137, 0.7017241379310345, 0.7327586206896551, 0.7637931034482758, 0.7948275862068965, 0.8258620689655172, 0.8568965517241379, 0.8879310344827586, 0.9189655172413792, 0.95]), ('learn_rate', [0.0001, 0.00010714285714285715, 0.0001142857142857143, 0.00012142857142857143, 0.00012857142857142858, 0.00013571428571428572, 0.00014285714285714287, 0.00015000000000000001, 0.00015714285714285716, 0.0001642857142857143, 0.00017142857142857145, 0.0001785714285714286, 0.00018571428571428574, 0.0001928571428571429, 0.0002])])",0.5754542273673259,0.007059814408421516,0.04899144172668457,0.012268246669626205,0.21580279352054782,0.0851352538512367,0.23676860717967935,0.41985174999999997,0.043402597308158875,0.11517299711704254,0.10337600666939908,0.31177542365407945,0.2743182495179371,0.3476606235585213
317,317,0.9124858749999991,0 days 00:01:53.632174,0.7637931034482758,0.00015000000000000001,352,"OrderedDict([('Dropout', [0.05, 0.08103448275862069, 0.11206896551724138, 0.14310344827586208, 0.17413793103448275, 0.20517241379310341, 0.2362068965517241, 0.2672413793103448, 0.2982758620689655, 0.32931034482758614, 0.36034482758620684, 0.39137931034482754, 0.42241379310344823, 0.45344827586206893, 0.48448275862068957, 0.5155172413793103, 0.546551724137931, 0.5775862068965517, 0.6086206896551724, 0.6396551724137931, 0.6706896551724137, 0.7017241379310345, 0.7327586206896551, 0.7637931034482758, 0.7948275862068965, 0.8258620689655172, 0.8568965517241379, 0.8879310344827586, 0.9189655172413792, 0.95]), ('learn_rate', [0.0001, 0.00010714285714285715, 0.0001142857142857143, 0.00012142857142857143, 0.00012857142857142858, 0.00013571428571428572, 0.00014285714285714287, 0.00015000000000000001, 0.00015714285714285716, 0.0001642857142857143, 0.00017142857142857145, 0.0001785714285714286, 0.00018571428571428574, 0.0001928571428571429, 0.0002])])",0.9802357700312181,0.007905442267656326,0.05407203361392021,0.008064837572092027,0.013834836118219118,0.05516227347243016,0.03691813179135106,0.9124858749999991,0.04879292473196983,0.12633448839187622,0.05347252606180877,0.06815352486598536,0.13845089754608678,0.10692430669593855
318,318,0.6497106249999993,0 days 00:01:52.054680,0.7017241379310345,0.00015000000000000001,322,"OrderedDict([('Dropout', [0.05, 0.08103448275862069, 0.11206896551724138, 0.14310344827586208, 0.17413793103448275, 0.20517241379310341, 0.2362068965517241, 0.2672413793103448, 0.2982758620689655, 0.32931034482758614, 0.36034482758620684, 0.39137931034482754, 0.42241379310344823, 0.45344827586206893, 0.48448275862068957, 0.5155172413793103, 0.546551724137931, 0.5775862068965517, 0.6086206896551724, 0.6396551724137931, 0.6706896551724137, 0.7017241379310345, 0.7327586206896551, 0.7637931034482758, 0.7948275862068965, 0.8258620689655172, 0.8568965517241379, 0.8879310344827586, 0.9189655172413792, 0.95]), ('learn_rate', [0.0001, 0.00010714285714285715, 0.0001142857142857143, 0.00012142857142857143, 0.00012857142857142858, 0.00013571428571428572, 0.00014285714285714287, 0.00015000000000000001, 0.00015714285714285716, 0.0001642857142857143, 0.00017142857142857145, 0.0001785714285714286, 0.00018571428571428574, 0.0001928571428571429, 0.0002])])",0.6181729773673257,0.007879954762756824,0.052807096391916275,0.012747167946932857,0.19485348869771557,0.08542446584580755,0.2173170595122953,0.6497106249999993,0.04656912386417389,0.12042491883039474,0.07167671586742781,0.19842924943208728,0.18535162300969737,0.2353571469151977
319,319,0.27395475000000036,0 days 00:01:53.160233,0.05,0.00015000000000000001,7,"OrderedDict([('Dropout', [0.05, 0.08103448275862069, 0.11206896551724138, 0.14310344827586208, 0.17413793103448275, 0.20517241379310341, 0.2362068965517241, 0.2672413793103448, 0.2982758620689655, 0.32931034482758614, 0.36034482758620684, 0.39137931034482754, 0.42241379310344823, 0.45344827586206893, 0.48448275862068957, 0.5155172413793103, 0.546551724137931, 0.5775862068965517, 0.6086206896551724, 0.6396551724137931, 0.6706896551724137, 0.7017241379310345, 0.7327586206896551, 0.7637931034482758, 0.7948275862068965, 0.8258620689655172, 0.8568965517241379, 0.8879310344827586, 0.9189655172413792, 0.95]), ('learn_rate', [0.0001, 0.00010714285714285715, 0.0001142857142857143, 0.00012142857142857143, 0.00012857142857142858, 0.00013571428571428572, 0.00014285714285714287, 0.00015000000000000001, 0.00015714285714285716, 0.0001642857142857143, 0.00017142857142857145, 0.0001785714285714286, 0.00018571428571428574, 0.0001928571428571429, 0.0002])])",0.33350133975026003,0.006238460075110197,0.04521812126040459,0.018705952065385466,0.3363685601624251,0.1355860258140667,0.3558583907550723,0.27395475000000036,0.041947998106479645,0.11415587365627289,0.15312017078177906,0.38399662405323964,0.4166960918044777,0.42010056182813627
