,number,value,duration,params_Dropout,params_learn_rate,system_attrs_grid_id,system_attrs_search_space,ID_G,ID_MSE,ID_MAE,ID_G_div_MSE,ID_G_sum_MSE,ID_G_div_MAE,ID_G_sum_MAE,OD_G,OD_MSE,OD_MAE,OD_G_div_MSE,OD_G_sum_MSE,OD_G_div_MAE,OD_G_sum_MAE
272,272,0.21988300000000108,0 days 00:01:53.063375,0.14310344827586208,0.0001142857142857143,47,"OrderedDict([('Dropout', [0.05, 0.08103448275862069, 0.11206896551724138, 0.14310344827586208, 0.17413793103448275, 0.20517241379310341, 0.2362068965517241, 0.2672413793103448, 0.2982758620689655, 0.32931034482758614, 0.36034482758620684, 0.39137931034482754, 0.42241379310344823, 0.45344827586206893, 0.48448275862068957, 0.5155172413793103, 0.546551724137931, 0.5775862068965517, 0.6086206896551724, 0.6396551724137931, 0.6706896551724137, 0.7017241379310345, 0.7327586206896551, 0.7637931034482758, 0.7948275862068965, 0.8258620689655172, 0.8568965517241379, 0.8879310344827586, 0.9189655172413792, 0.95]), ('learn_rate', [0.0001, 0.00010714285714285715, 0.0001142857142857143, 0.00012142857142857143, 0.00012857142857142858, 0.00013571428571428572, 0.00014285714285714287, 0.00015000000000000001, 0.00015714285714285716, 0.0001642857142857143, 0.00017142857142857145, 0.0001785714285714286, 0.00018571428571428574, 0.0001928571428571429, 0.0002])])",0.3140110691987516,0.006434399168938398,0.0468372218310833,0.020490994745366062,0.34621166498509337,0.14915786870378742,0.3664130763161658,0.21988300000000108,0.04195740818977356,0.1134544387459755,0.19081697170665016,0.41103720409488625,0.5159763999307584,0.4467857193729872
273,273,0.6389453125000008,0 days 00:01:54.297240,0.42241379310344823,0.0001642857142857143,189,"OrderedDict([('Dropout', [0.05, 0.08103448275862069, 0.11206896551724138, 0.14310344827586208, 0.17413793103448275, 0.20517241379310341, 0.2362068965517241, 0.2672413793103448, 0.2982758620689655, 0.32931034482758614, 0.36034482758620684, 0.39137931034482754, 0.42241379310344823, 0.45344827586206893, 0.48448275862068957, 0.5155172413793103, 0.546551724137931, 0.5775862068965517, 0.6086206896551724, 0.6396551724137931, 0.6706896551724137, 0.7017241379310345, 0.7327586206896551, 0.7637931034482758, 0.7948275862068965, 0.8258620689655172, 0.8568965517241379, 0.8879310344827586, 0.9189655172413792, 0.95]), ('learn_rate', [0.0001, 0.00010714285714285715, 0.0001142857142857143, 0.00012142857142857143, 0.00012857142857142858, 0.00013571428571428572, 0.00014285714285714287, 0.00015000000000000001, 0.00015714285714285716, 0.0001642857142857143, 0.00017142857142857145, 0.0001785714285714286, 0.00018571428571428574, 0.0001928571428571429, 0.0002])])",0.7273812825182107,0.00670195184648037,0.047898538410663605,0.009213808503950031,0.13966033466413486,0.06585066121695869,0.16025862794622647,0.6389453125000008,0.04174608364701271,0.11365627497434616,0.06533592598664328,0.20140038557350598,0.17788106861547096,0.2373554812371727
274,274,0.5340844999999989,0 days 00:01:52.888892,0.42241379310344823,0.0001928571428571429,193,"OrderedDict([('Dropout', [0.05, 0.08103448275862069, 0.11206896551724138, 0.14310344827586208, 0.17413793103448275, 0.20517241379310341, 0.2362068965517241, 0.2672413793103448, 0.2982758620689655, 0.32931034482758614, 0.36034482758620684, 0.39137931034482754, 0.42241379310344823, 0.45344827586206893, 0.48448275862068957, 0.5155172413793103, 0.546551724137931, 0.5775862068965517, 0.6086206896551724, 0.6396551724137931, 0.6706896551724137, 0.7017241379310345, 0.7327586206896551, 0.7637931034482758, 0.7948275862068965, 0.8258620689655172, 0.8568965517241379, 0.8879310344827586, 0.9189655172413792, 0.95]), ('learn_rate', [0.0001, 0.00010714285714285715, 0.0001142857142857143, 0.00012142857142857143, 0.00012857142857142858, 0.00013571428571428572, 0.00014285714285714287, 0.00015000000000000001, 0.00015714285714285716, 0.0001642857142857143, 0.00017142857142857145, 0.0001785714285714286, 0.00018571428571428574, 0.0001928571428571429, 0.0002])])",0.7292531282518218,0.006847965531051159,0.04880279675126076,0.009390382112541939,0.1387974186396147,0.06692161454041572,0.1597748342497195,0.5340844999999989,0.04172602295875549,0.11420056968927383,0.07812625709743605,0.2538207614793783,0.2138249091469123,0.2900580348446375
275,275,0.2766720000000013,0 days 00:01:54.134426,0.14310344827586208,0.0001642857142857143,54,"OrderedDict([('Dropout', [0.05, 0.08103448275862069, 0.11206896551724138, 0.14310344827586208, 0.17413793103448275, 0.20517241379310341, 0.2362068965517241, 0.2672413793103448, 0.2982758620689655, 0.32931034482758614, 0.36034482758620684, 0.39137931034482754, 0.42241379310344823, 0.45344827586206893, 0.48448275862068957, 0.5155172413793103, 0.546551724137931, 0.5775862068965517, 0.6086206896551724, 0.6396551724137931, 0.6706896551724137, 0.7017241379310345, 0.7327586206896551, 0.7637931034482758, 0.7948275862068965, 0.8258620689655172, 0.8568965517241379, 0.8879310344827586, 0.9189655172413792, 0.95]), ('learn_rate', [0.0001, 0.00010714285714285715, 0.0001142857142857143, 0.00012142857142857143, 0.00012857142857142858, 0.00013571428571428572, 0.00014285714285714287, 0.00015000000000000001, 0.00015714285714285716, 0.0001642857142857143, 0.00017142857142857145, 0.0001785714285714286, 0.00018571428571428574, 0.0001928571428571429, 0.0002])])",0.23182322450572407,0.006339478772133589,0.04598671942949295,0.027346176318831496,0.38725812713320473,0.19836976872158668,0.4070817474618844,0.2766720000000013,0.04464767873287201,0.11610741913318634,0.16137404122163354,0.3839878393664353,0.41965728058200974,0.4197177095665925
276,276,0.6130596249999999,0 days 00:01:53.897386,0.2672413793103448,0.0001,105,"OrderedDict([('Dropout', [0.05, 0.08103448275862069, 0.11206896551724138, 0.14310344827586208, 0.17413793103448275, 0.20517241379310341, 0.2362068965517241, 0.2672413793103448, 0.2982758620689655, 0.32931034482758614, 0.36034482758620684, 0.39137931034482754, 0.42241379310344823, 0.45344827586206893, 0.48448275862068957, 0.5155172413793103, 0.546551724137931, 0.5775862068965517, 0.6086206896551724, 0.6396551724137931, 0.6706896551724137, 0.7017241379310345, 0.7327586206896551, 0.7637931034482758, 0.7948275862068965, 0.8258620689655172, 0.8568965517241379, 0.8879310344827586, 0.9189655172413792, 0.95]), ('learn_rate', [0.0001, 0.00010714285714285715, 0.0001142857142857143, 0.00012142857142857143, 0.00012857142857142858, 0.00013571428571428572, 0.00014285714285714287, 0.00015000000000000001, 0.00015714285714285716, 0.0001642857142857143, 0.00017142857142857145, 0.0001785714285714286, 0.00018571428571428574, 0.0001928571428571429, 0.0002])])",0.6877345148283037,0.007218398619443178,0.04944930225610733,0.01049590861561643,0.15974194189556973,0.07190173124937985,0.1808573937139018,0.6130596249999999,0.049736980348825455,0.12432035803794861,0.08112910770926313,0.21833867767441278,0.2027867322659662,0.25563036651897436
277,277,0.5202181875000003,0 days 00:01:52.780946,0.48448275862068957,0.0001785714285714286,221,"OrderedDict([('Dropout', [0.05, 0.08103448275862069, 0.11206896551724138, 0.14310344827586208, 0.17413793103448275, 0.20517241379310341, 0.2362068965517241, 0.2672413793103448, 0.2982758620689655, 0.32931034482758614, 0.36034482758620684, 0.39137931034482754, 0.42241379310344823, 0.45344827586206893, 0.48448275862068957, 0.5155172413793103, 0.546551724137931, 0.5775862068965517, 0.6086206896551724, 0.6396551724137931, 0.6706896551724137, 0.7017241379310345, 0.7327586206896551, 0.7637931034482758, 0.7948275862068965, 0.8258620689655172, 0.8568965517241379, 0.8879310344827586, 0.9189655172413792, 0.95]), ('learn_rate', [0.0001, 0.00010714285714285715, 0.0001142857142857143, 0.00012142857142857143, 0.00012857142857142858, 0.00013571428571428572, 0.00014285714285714287, 0.00015000000000000001, 0.00015714285714285716, 0.0001642857142857143, 0.00017142857142857145, 0.0001785714285714286, 0.00018571428571428574, 0.0001928571428571429, 0.0002])])",0.7024750195109268,0.006615255028009415,0.048404064029455185,0.009417068001386085,0.1520701177585413,0.06890503247098351,0.17296452225926418,0.5202181875000003,0.038805440068244934,0.11106333136558533,0.07459454705867029,0.25929362628412234,0.2134937494194881,0.29542257193279253
278,278,0.8059114374999996,0 days 00:01:54.065357,0.8258620689655172,0.0001,375,"OrderedDict([('Dropout', [0.05, 0.08103448275862069, 0.11206896551724138, 0.14310344827586208, 0.17413793103448275, 0.20517241379310341, 0.2362068965517241, 0.2672413793103448, 0.2982758620689655, 0.32931034482758614, 0.36034482758620684, 0.39137931034482754, 0.42241379310344823, 0.45344827586206893, 0.48448275862068957, 0.5155172413793103, 0.546551724137931, 0.5775862068965517, 0.6086206896551724, 0.6396551724137931, 0.6706896551724137, 0.7017241379310345, 0.7327586206896551, 0.7637931034482758, 0.7948275862068965, 0.8258620689655172, 0.8568965517241379, 0.8879310344827586, 0.9189655172413792, 0.95]), ('learn_rate', [0.0001, 0.00010714285714285715, 0.0001142857142857143, 0.00012142857142857143, 0.00012857142857142858, 0.00013571428571428572, 0.00014285714285714287, 0.00015000000000000001, 0.00015714285714285716, 0.0001642857142857143, 0.00017142857142857145, 0.0001785714285714286, 0.00018571428571428574, 0.0001928571428571429, 0.0002])])",0.6786058792924039,0.01020753476768732,0.06159413233399391,0.015041919145072725,0.1658008277376417,0.09076569215436117,0.191494126520795,0.8059114374999996,0.05213859677314758,0.13186265528202057,0.06469519397179123,0.12311357963657399,0.16361928761188557,0.16297560889101048
279,279,0.5530365624999982,0 days 00:01:52.864715,0.36034482758620684,0.00014285714285714287,156,"OrderedDict([('Dropout', [0.05, 0.08103448275862069, 0.11206896551724138, 0.14310344827586208, 0.17413793103448275, 0.20517241379310341, 0.2362068965517241, 0.2672413793103448, 0.2982758620689655, 0.32931034482758614, 0.36034482758620684, 0.39137931034482754, 0.42241379310344823, 0.45344827586206893, 0.48448275862068957, 0.5155172413793103, 0.546551724137931, 0.5775862068965517, 0.6086206896551724, 0.6396551724137931, 0.6706896551724137, 0.7017241379310345, 0.7327586206896551, 0.7637931034482758, 0.7948275862068965, 0.8258620689655172, 0.8568965517241379, 0.8879310344827586, 0.9189655172413792, 0.95]), ('learn_rate', [0.0001, 0.00010714285714285715, 0.0001142857142857143, 0.00012142857142857143, 0.00012857142857142858, 0.00013571428571428572, 0.00014285714285714287, 0.00015000000000000001, 0.00015714285714285716, 0.0001642857142857143, 0.00017142857142857145, 0.0001785714285714286, 0.00018571428571428574, 0.0001928571428571429, 0.0002])])",0.6065234261186275,0.0068027423694729805,0.04824794456362724,0.011215959807202004,0.20013965812542273,0.07954836117771091,0.22086225922249986,0.5530365624999982,0.042510274797677994,0.1146770641207695,0.07686702413581947,0.2447368561488399,0.20735891963882563,0.28082025081038564
280,280,0.6871840000000006,0 days 00:01:53.177134,0.45344827586206893,0.00015714285714285716,203,"OrderedDict([('Dropout', [0.05, 0.08103448275862069, 0.11206896551724138, 0.14310344827586208, 0.17413793103448275, 0.20517241379310341, 0.2362068965517241, 0.2672413793103448, 0.2982758620689655, 0.32931034482758614, 0.36034482758620684, 0.39137931034482754, 0.42241379310344823, 0.45344827586206893, 0.48448275862068957, 0.5155172413793103, 0.546551724137931, 0.5775862068965517, 0.6086206896551724, 0.6396551724137931, 0.6706896551724137, 0.7017241379310345, 0.7327586206896551, 0.7637931034482758, 0.7948275862068965, 0.8258620689655172, 0.8568965517241379, 0.8879310344827586, 0.9189655172413792, 0.95]), ('learn_rate', [0.0001, 0.00010714285714285715, 0.0001142857142857143, 0.00012142857142857143, 0.00012857142857142858, 0.00013571428571428572, 0.00014285714285714287, 0.00015000000000000001, 0.00015714285714285716, 0.0001642857142857143, 0.00017142857142857145, 0.0001785714285714286, 0.00018571428571428574, 0.0001928571428571429, 0.0002])])",0.8509175858480748,0.006675674580037594,0.04802164435386658,0.007845265735557954,0.07787904436598142,0.05643512973821709,0.09855202925289591,0.6871840000000006,0.04184728115797043,0.11300574988126755,0.060896762960095684,0.17733164057898493,0.1644475859176981,0.2129108749406335
281,281,0.5111634999999994,0 days 00:01:53.506619,0.7017241379310345,0.00010714285714285715,316,"OrderedDict([('Dropout', [0.05, 0.08103448275862069, 0.11206896551724138, 0.14310344827586208, 0.17413793103448275, 0.20517241379310341, 0.2362068965517241, 0.2672413793103448, 0.2982758620689655, 0.32931034482758614, 0.36034482758620684, 0.39137931034482754, 0.42241379310344823, 0.45344827586206893, 0.48448275862068957, 0.5155172413793103, 0.546551724137931, 0.5775862068965517, 0.6086206896551724, 0.6396551724137931, 0.6706896551724137, 0.7017241379310345, 0.7327586206896551, 0.7637931034482758, 0.7948275862068965, 0.8258620689655172, 0.8568965517241379, 0.8879310344827586, 0.9189655172413792, 0.95]), ('learn_rate', [0.0001, 0.00010714285714285715, 0.0001142857142857143, 0.00012142857142857143, 0.00012857142857142858, 0.00013571428571428572, 0.00014285714285714287, 0.00015000000000000001, 0.00015714285714285716, 0.0001642857142857143, 0.00017142857142857145, 0.0001785714285714286, 0.00018571428571428574, 0.0001928571428571429, 0.0002])])",0.7796005007804376,0.008474690839648247,0.05564475059509277,0.010870555920839527,0.1144370950296053,0.07137598108183393,0.13802212490732757,0.5111634999999994,0.0486157163977623,0.12486878037452698,0.09510795742998542,0.26872610819888143,0.24428344428842652,0.30685264018726377
282,282,0.39103337499999924,0 days 00:01:53.160461,0.2672413793103448,0.00010714285714285715,106,"OrderedDict([('Dropout', [0.05, 0.08103448275862069, 0.11206896551724138, 0.14310344827586208, 0.17413793103448275, 0.20517241379310341, 0.2362068965517241, 0.2672413793103448, 0.2982758620689655, 0.32931034482758614, 0.36034482758620684, 0.39137931034482754, 0.42241379310344823, 0.45344827586206893, 0.48448275862068957, 0.5155172413793103, 0.546551724137931, 0.5775862068965517, 0.6086206896551724, 0.6396551724137931, 0.6706896551724137, 0.7017241379310345, 0.7327586206896551, 0.7637931034482758, 0.7948275862068965, 0.8258620689655172, 0.8568965517241379, 0.8879310344827586, 0.9189655172413792, 0.95]), ('learn_rate', [0.0001, 0.00010714285714285715, 0.0001142857142857143, 0.00012142857142857143, 0.00012857142857142858, 0.00013571428571428572, 0.00014285714285714287, 0.00015000000000000001, 0.00015714285714285716, 0.0001642857142857143, 0.00017142857142857145, 0.0001785714285714286, 0.00018571428571428574, 0.0001928571428571429, 0.0002])])",0.458728472944849,0.007564045954495668,0.05096260458230972,0.016489157313339612,0.27441778650482335,0.11109535942940421,0.2961170658187304,0.39103337499999924,0.051466770470142365,0.1268342137336731,0.13161733437751308,0.33021669773507156,0.3243564919073042,0.36790041936683693
283,283,0.36751206250000074,0 days 00:01:52.835037,0.14310344827586208,0.00014285714285714287,51,"OrderedDict([('Dropout', [0.05, 0.08103448275862069, 0.11206896551724138, 0.14310344827586208, 0.17413793103448275, 0.20517241379310341, 0.2362068965517241, 0.2672413793103448, 0.2982758620689655, 0.32931034482758614, 0.36034482758620684, 0.39137931034482754, 0.42241379310344823, 0.45344827586206893, 0.48448275862068957, 0.5155172413793103, 0.546551724137931, 0.5775862068965517, 0.6086206896551724, 0.6396551724137931, 0.6706896551724137, 0.7017241379310345, 0.7327586206896551, 0.7637931034482758, 0.7948275862068965, 0.8258620689655172, 0.8568965517241379, 0.8879310344827586, 0.9189655172413792, 0.95]), ('learn_rate', [0.0001, 0.00010714285714285715, 0.0001142857142857143, 0.00012142857142857143, 0.00012857142857142858, 0.00013571428571428572, 0.00014285714285714287, 0.00015000000000000001, 0.00015714285714285716, 0.0001642857142857143, 0.00017142857142857145, 0.0001785714285714286, 0.00018571428571428574, 0.0001928571428571429, 0.0002])])",0.6381406477627471,0.006204856559634209,0.04583416134119034,0.009723336981256048,0.18403210439844353,0.07182454448228616,0.2038467567892216,0.36751206250000074,0.045617036521434784,0.11675729602575302,0.12412391639916498,0.339052487010717,0.31769650016794426,0.3746226167628761
284,284,0.7443415000000003,0 days 00:01:55.587099,0.8258620689655172,0.0001142857142857143,377,"OrderedDict([('Dropout', [0.05, 0.08103448275862069, 0.11206896551724138, 0.14310344827586208, 0.17413793103448275, 0.20517241379310341, 0.2362068965517241, 0.2672413793103448, 0.2982758620689655, 0.32931034482758614, 0.36034482758620684, 0.39137931034482754, 0.42241379310344823, 0.45344827586206893, 0.48448275862068957, 0.5155172413793103, 0.546551724137931, 0.5775862068965517, 0.6086206896551724, 0.6396551724137931, 0.6706896551724137, 0.7017241379310345, 0.7327586206896551, 0.7637931034482758, 0.7948275862068965, 0.8258620689655172, 0.8568965517241379, 0.8879310344827586, 0.9189655172413792, 0.95]), ('learn_rate', [0.0001, 0.00010714285714285715, 0.0001142857142857143, 0.00012142857142857143, 0.00012857142857142858, 0.00013571428571428572, 0.00014285714285714287, 0.00015000000000000001, 0.00015714285714285716, 0.0001642857142857143, 0.00017142857142857145, 0.0001785714285714286, 0.00018571428571428574, 0.0001928571428571429, 0.0002])])",0.7966217351716968,0.009696434251964092,0.0604255385696888,0.01217194287308042,0.10653734954013366,0.07585223438156029,0.13190190169899602,0.7443415000000003,0.049016378819942474,0.12820866703987122,0.06585200317319732,0.15233743940997108,0.17224441609109684,0.19193358351993545
285,285,0.7843920000000003,0 days 00:01:54.812894,0.6706896551724137,0.00012857142857142858,304,"OrderedDict([('Dropout', [0.05, 0.08103448275862069, 0.11206896551724138, 0.14310344827586208, 0.17413793103448275, 0.20517241379310341, 0.2362068965517241, 0.2672413793103448, 0.2982758620689655, 0.32931034482758614, 0.36034482758620684, 0.39137931034482754, 0.42241379310344823, 0.45344827586206893, 0.48448275862068957, 0.5155172413793103, 0.546551724137931, 0.5775862068965517, 0.6086206896551724, 0.6396551724137931, 0.6706896551724137, 0.7017241379310345, 0.7327586206896551, 0.7637931034482758, 0.7948275862068965, 0.8258620689655172, 0.8568965517241379, 0.8879310344827586, 0.9189655172413792, 0.95]), ('learn_rate', [0.0001, 0.00010714285714285715, 0.0001142857142857143, 0.00012142857142857143, 0.00012857142857142858, 0.00013571428571428572, 0.00014285714285714287, 0.00015000000000000001, 0.00015714285714285716, 0.0001642857142857143, 0.00017142857142857145, 0.0001785714285714286, 0.00018571428571428574, 0.0001928571428571429, 0.0002])])",0.8581333441727361,0.0076032886281609535,0.05195044353604317,0.00886026475930816,0.07473497222771242,0.0605388939712217,0.09690854968165352,0.7843920000000003,0.04716276004910469,0.12195492535829544,0.06012651843606854,0.1313853800245522,0.15547701322590668,0.16878146267914756
286,286,0.3761172499999996,0 days 00:01:52.802922,0.14310344827586208,0.00010714285714285715,46,"OrderedDict([('Dropout', [0.05, 0.08103448275862069, 0.11206896551724138, 0.14310344827586208, 0.17413793103448275, 0.20517241379310341, 0.2362068965517241, 0.2672413793103448, 0.2982758620689655, 0.32931034482758614, 0.36034482758620684, 0.39137931034482754, 0.42241379310344823, 0.45344827586206893, 0.48448275862068957, 0.5155172413793103, 0.546551724137931, 0.5775862068965517, 0.6086206896551724, 0.6396551724137931, 0.6706896551724137, 0.7017241379310345, 0.7327586206896551, 0.7637931034482758, 0.7948275862068965, 0.8258620689655172, 0.8568965517241379, 0.8879310344827586, 0.9189655172413792, 0.95]), ('learn_rate', [0.0001, 0.00010714285714285715, 0.0001142857142857143, 0.00012142857142857143, 0.00012857142857142858, 0.00013571428571428572, 0.00014285714285714287, 0.00015000000000000001, 0.00015714285714285716, 0.0001642857142857143, 0.00017142857142857145, 0.0001785714285714286, 0.00018571428571428574, 0.0001928571428571429, 0.0002])])",0.3555625520291371,0.006479279603809118,0.046575773507356644,0.0182226153087071,0.325458363787336,0.13099178538784906,0.34550661073910977,0.3761172499999996,0.045179419219493866,0.11647957563400269,0.1201205720277225,0.3345310846097471,0.30968953334100685,0.37018116281700153
287,287,0.7017078124999995,0 days 00:01:54.557774,0.5775862068965517,0.00018571428571428574,267,"OrderedDict([('Dropout', [0.05, 0.08103448275862069, 0.11206896551724138, 0.14310344827586208, 0.17413793103448275, 0.20517241379310341, 0.2362068965517241, 0.2672413793103448, 0.2982758620689655, 0.32931034482758614, 0.36034482758620684, 0.39137931034482754, 0.42241379310344823, 0.45344827586206893, 0.48448275862068957, 0.5155172413793103, 0.546551724137931, 0.5775862068965517, 0.6086206896551724, 0.6396551724137931, 0.6706896551724137, 0.7017241379310345, 0.7327586206896551, 0.7637931034482758, 0.7948275862068965, 0.8258620689655172, 0.8568965517241379, 0.8879310344827586, 0.9189655172413792, 0.95]), ('learn_rate', [0.0001, 0.00010714285714285715, 0.0001142857142857143, 0.00012142857142857143, 0.00012857142857142858, 0.00013571428571428572, 0.00014285714285714287, 0.00015000000000000001, 0.00015714285714285716, 0.0001642857142857143, 0.00017142857142857145, 0.0001785714285714286, 0.00018571428571428574, 0.0001928571428571429, 0.0002])])",0.9809759105098853,0.00708134425804019,0.049638524651527405,0.007218672938012815,0.013052716874077441,0.050601165757196434,0.03433130707082105,0.7017078124999995,0.04459530860185623,0.11697626113891602,0.06355253256048972,0.17144374805092838,0.1667022356814876,0.20763422431945827
