,number,value,duration,params_Dropout,params_learn_rate,system_attrs_grid_id,system_attrs_search_space,ID_G,ID_MSE,ID_MAE,ID_G_div_MSE,ID_G_sum_MSE,ID_G_div_MAE,ID_G_sum_MAE,OD_G,OD_MSE,OD_MAE,OD_G_div_MSE,OD_G_sum_MSE,OD_G_div_MAE,OD_G_sum_MAE
0,0,0.8228979999999987,0 days 00:01:57.867850,0.7637931034482758,0.00012142857142857143,348,"OrderedDict([('Dropout', [0.05, 0.08103448275862069, 0.11206896551724138, 0.14310344827586208, 0.17413793103448275, 0.20517241379310341, 0.2362068965517241, 0.2672413793103448, 0.2982758620689655, 0.32931034482758614, 0.36034482758620684, 0.39137931034482754, 0.42241379310344823, 0.45344827586206893, 0.48448275862068957, 0.5155172413793103, 0.546551724137931, 0.5775862068965517, 0.6086206896551724, 0.6396551724137931, 0.6706896551724137, 0.7017241379310345, 0.7327586206896551, 0.7637931034482758, 0.7948275862068965, 0.8258620689655172, 0.8568965517241379, 0.8879310344827586, 0.9189655172413792, 0.95]), ('learn_rate', [0.0001, 0.00010714285714285715, 0.0001142857142857143, 0.00012142857142857143, 0.00012857142857142858, 0.00013571428571428572, 0.00014285714285714287, 0.00015000000000000001, 0.00015714285714285716, 0.0001642857142857143, 0.00017142857142857145, 0.0001785714285714286, 0.00018571428571428574, 0.0001928571428571429, 0.0002])])",0.9582805768730488,0.008367743343114853,0.05486765131354332,0.008732038971737811,0.02504358323503303,0.05725635334546918,0.04829353722024726,0.8228979999999987,0.04976755753159523,0.12484608590602875,0.060478403801680534,0.11343477876579827,0.15171514076596243,0.15097404295301503
1,1,0.629837812499998,0 days 00:01:51.558336,0.2982758620689655,0.00015000000000000001,127,"OrderedDict([('Dropout', [0.05, 0.08103448275862069, 0.11206896551724138, 0.14310344827586208, 0.17413793103448275, 0.20517241379310341, 0.2362068965517241, 0.2672413793103448, 0.2982758620689655, 0.32931034482758614, 0.36034482758620684, 0.39137931034482754, 0.42241379310344823, 0.45344827586206893, 0.48448275862068957, 0.5155172413793103, 0.546551724137931, 0.5775862068965517, 0.6086206896551724, 0.6396551724137931, 0.6706896551724137, 0.7017241379310345, 0.7327586206896551, 0.7637931034482758, 0.7948275862068965, 0.8258620689655172, 0.8568965517241379, 0.8879310344827586, 0.9189655172413792, 0.95]), ('learn_rate', [0.0001, 0.00010714285714285715, 0.0001142857142857143, 0.00012142857142857143, 0.00012857142857142858, 0.00013571428571428572, 0.00014285714285714287, 0.00015000000000000001, 0.00015714285714285716, 0.0001642857142857143, 0.00017142857142857145, 0.0001785714285714286, 0.00018571428571428574, 0.0001928571428571429, 0.0002])])",0.762220128772113,0.006354635581374168,0.04636717960238457,0.008337008354280898,0.1220672534046306,0.060831743812747474,0.1420735254151358,0.629837812499998,0.04053449258208275,0.11097598820924759,0.064357032521103,0.20534834004104235,0.1761977226625274,0.24056908785462477
2,2,0.6843993749999993,0 days 00:01:52.450983,0.5155172413793103,0.00015000000000000001,232,"OrderedDict([('Dropout', [0.05, 0.08103448275862069, 0.11206896551724138, 0.14310344827586208, 0.17413793103448275, 0.20517241379310341, 0.2362068965517241, 0.2672413793103448, 0.2982758620689655, 0.32931034482758614, 0.36034482758620684, 0.39137931034482754, 0.42241379310344823, 0.45344827586206893, 0.48448275862068957, 0.5155172413793103, 0.546551724137931, 0.5775862068965517, 0.6086206896551724, 0.6396551724137931, 0.6706896551724137, 0.7017241379310345, 0.7327586206896551, 0.7637931034482758, 0.7948275862068965, 0.8258620689655172, 0.8568965517241379, 0.8879310344827586, 0.9189655172413792, 0.95]), ('learn_rate', [0.0001, 0.00010714285714285715, 0.0001142857142857143, 0.00012142857142857143, 0.00012857142857142858, 0.00013571428571428572, 0.00014285714285714287, 0.00015000000000000001, 0.00015714285714285716, 0.0001642857142857143, 0.00017142857142857145, 0.0001785714285714286, 0.00018571428571428574, 0.0001928571428571429, 0.0002])])",0.9120810548907387,0.007021856028586626,0.048978593200445175,0.007698719308919094,0.04747040056892399,0.0536998251830946,0.06844876915485326,0.6843993749999993,0.04694526270031929,0.12110746651887894,0.06859337459260441,0.18127294385016002,0.1769543791866833,0.21835404575943984
3,3,0.6215089375000002,0 days 00:01:49.995078,0.32931034482758614,0.00013571428571428572,140,"OrderedDict([('Dropout', [0.05, 0.08103448275862069, 0.11206896551724138, 0.14310344827586208, 0.17413793103448275, 0.20517241379310341, 0.2362068965517241, 0.2672413793103448, 0.2982758620689655, 0.32931034482758614, 0.36034482758620684, 0.39137931034482754, 0.42241379310344823, 0.45344827586206893, 0.48448275862068957, 0.5155172413793103, 0.546551724137931, 0.5775862068965517, 0.6086206896551724, 0.6396551724137931, 0.6706896551724137, 0.7017241379310345, 0.7327586206896551, 0.7637931034482758, 0.7948275862068965, 0.8258620689655172, 0.8568965517241379, 0.8879310344827586, 0.9189655172413792, 0.95]), ('learn_rate', [0.0001, 0.00010714285714285715, 0.0001142857142857143, 0.00012142857142857143, 0.00012857142857142858, 0.00013571428571428572, 0.00014285714285714287, 0.00015000000000000001, 0.00015714285714285716, 0.0001642857142857143, 0.00017142857142857145, 0.0001785714285714286, 0.00018571428571428574, 0.0001928571428571429, 0.0002])])",0.7576155892299684,0.0063872551545500755,0.047022633254528046,0.008430733534723074,0.12438583296229083,0.062066612571055065,0.14470352201227982,0.6215089375000002,0.041117411106824875,0.11549700051546097,0.06615739312167954,0.20980423680341231,0.18583320938238465,0.24699403150773036
4,4,0.49476024999999924,0 days 00:01:54.682154,0.17413793103448275,0.00010714285714285715,61,"OrderedDict([('Dropout', [0.05, 0.08103448275862069, 0.11206896551724138, 0.14310344827586208, 0.17413793103448275, 0.20517241379310341, 0.2362068965517241, 0.2672413793103448, 0.2982758620689655, 0.32931034482758614, 0.36034482758620684, 0.39137931034482754, 0.42241379310344823, 0.45344827586206893, 0.48448275862068957, 0.5155172413793103, 0.546551724137931, 0.5775862068965517, 0.6086206896551724, 0.6396551724137931, 0.6706896551724137, 0.7017241379310345, 0.7327586206896551, 0.7637931034482758, 0.7948275862068965, 0.8258620689655172, 0.8568965517241379, 0.8879310344827586, 0.9189655172413792, 0.95]), ('learn_rate', [0.0001, 0.00010714285714285715, 0.0001142857142857143, 0.00012142857142857143, 0.00012857142857142858, 0.00013571428571428572, 0.00014285714285714287, 0.00015000000000000001, 0.00015714285714285716, 0.0001642857142857143, 0.00017142857142857145, 0.0001785714285714286, 0.00018571428571428574, 0.0001928571428571429, 0.0002])])",0.5154218782518201,0.0067564439959824085,0.046863507479429245,0.013108570437286342,0.24566728287208117,0.09092261981268304,0.2657208146138046,0.49476024999999924,0.043514642864465714,0.11296048760414124,0.08795096789700826,0.27437719643223324,0.22831358744794356,0.309100118802071
5,5,0.7107476875000005,0 days 00:01:51.630674,0.7017241379310345,0.00014285714285714287,321,"OrderedDict([('Dropout', [0.05, 0.08103448275862069, 0.11206896551724138, 0.14310344827586208, 0.17413793103448275, 0.20517241379310341, 0.2362068965517241, 0.2672413793103448, 0.2982758620689655, 0.32931034482758614, 0.36034482758620684, 0.39137931034482754, 0.42241379310344823, 0.45344827586206893, 0.48448275862068957, 0.5155172413793103, 0.546551724137931, 0.5775862068965517, 0.6086206896551724, 0.6396551724137931, 0.6706896551724137, 0.7017241379310345, 0.7327586206896551, 0.7637931034482758, 0.7948275862068965, 0.8258620689655172, 0.8568965517241379, 0.8879310344827586, 0.9189655172413792, 0.95]), ('learn_rate', [0.0001, 0.00010714285714285715, 0.0001142857142857143, 0.00012142857142857143, 0.00012857142857142858, 0.00013571428571428572, 0.00014285714285714287, 0.00015000000000000001, 0.00015714285714285716, 0.0001642857142857143, 0.00017142857142857145, 0.0001785714285714286, 0.00018571428571428574, 0.0001928571428571429, 0.0002])])",0.8750099245577524,0.007827019318938255,0.05242152884602547,0.008945063477873338,0.06640854738059293,0.05990963916497331,0.08870580214413654,0.7107476875000005,0.04344280809164047,0.11573652178049088,0.06112268651122476,0.16634756029581999,0.16283770431611963,0.2024944171402452
6,6,0.9596490624999997,0 days 00:01:52.005045,0.8879310344827586,0.00017142857142857145,415,"OrderedDict([('Dropout', [0.05, 0.08103448275862069, 0.11206896551724138, 0.14310344827586208, 0.17413793103448275, 0.20517241379310341, 0.2362068965517241, 0.2672413793103448, 0.2982758620689655, 0.32931034482758614, 0.36034482758620684, 0.39137931034482754, 0.42241379310344823, 0.45344827586206893, 0.48448275862068957, 0.5155172413793103, 0.546551724137931, 0.5775862068965517, 0.6086206896551724, 0.6396551724137931, 0.6706896551724137, 0.7017241379310345, 0.7327586206896551, 0.7637931034482758, 0.7948275862068965, 0.8258620689655172, 0.8568965517241379, 0.8879310344827586, 0.9189655172413792, 0.95]), ('learn_rate', [0.0001, 0.00010714285714285715, 0.0001142857142857143, 0.00012142857142857143, 0.00012857142857142858, 0.00013571428571428572, 0.00014285714285714287, 0.00015000000000000001, 0.00015714285714285716, 0.0001642857142857143, 0.00017142857142857145, 0.0001785714285714286, 0.00018571428571428574, 0.0001928571428571429, 0.0002])])",0.9863680280957335,0.009803304448723793,0.059904348105192184,0.009938789751376976,0.011717638176495127,0.060732248409189185,0.03676816000472932,0.9596490624999997,0.04879562556743622,0.1258087009191513,0.05084736438997588,0.044573281533718256,0.13109865453461156,0.0830798192095758
7,7,0.7898800000000005,0 days 00:01:51.778217,0.8568965517241379,0.00015000000000000001,397,"OrderedDict([('Dropout', [0.05, 0.08103448275862069, 0.11206896551724138, 0.14310344827586208, 0.17413793103448275, 0.20517241379310341, 0.2362068965517241, 0.2672413793103448, 0.2982758620689655, 0.32931034482758614, 0.36034482758620684, 0.39137931034482754, 0.42241379310344823, 0.45344827586206893, 0.48448275862068957, 0.5155172413793103, 0.546551724137931, 0.5775862068965517, 0.6086206896551724, 0.6396551724137931, 0.6706896551724137, 0.7017241379310345, 0.7327586206896551, 0.7637931034482758, 0.7948275862068965, 0.8258620689655172, 0.8568965517241379, 0.8879310344827586, 0.9189655172413792, 0.95]), ('learn_rate', [0.0001, 0.00010714285714285715, 0.0001142857142857143, 0.00012142857142857143, 0.00012857142857142858, 0.00013571428571428572, 0.00014285714285714287, 0.00015000000000000001, 0.00015714285714285716, 0.0001642857142857143, 0.00017142857142857145, 0.0001785714285714286, 0.00018571428571428574, 0.0001928571428571429, 0.0002])])",0.9179931776795,0.009664230979979038,0.06010785326361656,0.010527562965563914,0.045835526650239544,0.0654774509496432,0.0710573377920583,0.7898800000000005,0.04998904839158058,0.13018232583999634,0.06328688964346553,0.13005452419579006,0.16481278908188113,0.17015116291999793
8,8,0.5882113749999999,0 days 00:01:54.823795,0.39137931034482754,0.0002,179,"OrderedDict([('Dropout', [0.05, 0.08103448275862069, 0.11206896551724138, 0.14310344827586208, 0.17413793103448275, 0.20517241379310341, 0.2362068965517241, 0.2672413793103448, 0.2982758620689655, 0.32931034482758614, 0.36034482758620684, 0.39137931034482754, 0.42241379310344823, 0.45344827586206893, 0.48448275862068957, 0.5155172413793103, 0.546551724137931, 0.5775862068965517, 0.6086206896551724, 0.6396551724137931, 0.6706896551724137, 0.7017241379310345, 0.7327586206896551, 0.7637931034482758, 0.7948275862068965, 0.8258620689655172, 0.8568965517241379, 0.8879310344827586, 0.9189655172413792, 0.95]), ('learn_rate', [0.0001, 0.00010714285714285715, 0.0001142857142857143, 0.00012142857142857143, 0.00012857142857142858, 0.00013571428571428572, 0.00014285714285714287, 0.00015000000000000001, 0.00015714285714285716, 0.0001642857142857143, 0.00017142857142857145, 0.0001785714285714286, 0.00018571428571428574, 0.0001928571428571429, 0.0002])])",0.8527403290842868,0.006522271316498518,0.04646890237927437,0.007648601917892689,0.07689097111610588,0.054493614051507204,0.0968642866474938,0.5882113749999999,0.04148087650537491,0.11349453777074814,0.070520357593178,0.22663475075268752,0.19294855998109212,0.26264158138537413
9,9,0.05513993749999899,0 days 00:01:51.419465,0.11206896551724138,0.00018571428571428574,42,"OrderedDict([('Dropout', [0.05, 0.08103448275862069, 0.11206896551724138, 0.14310344827586208, 0.17413793103448275, 0.20517241379310341, 0.2362068965517241, 0.2672413793103448, 0.2982758620689655, 0.32931034482758614, 0.36034482758620684, 0.39137931034482754, 0.42241379310344823, 0.45344827586206893, 0.48448275862068957, 0.5155172413793103, 0.546551724137931, 0.5775862068965517, 0.6086206896551724, 0.6396551724137931, 0.6706896551724137, 0.7017241379310345, 0.7327586206896551, 0.7637931034482758, 0.7948275862068965, 0.8258620689655172, 0.8568965517241379, 0.8879310344827586, 0.9189655172413792, 0.95]), ('learn_rate', [0.0001, 0.00010714285714285715, 0.0001142857142857143, 0.00012142857142857143, 0.00012857142857142858, 0.00013571428571428572, 0.00014285714285714287, 0.00015000000000000001, 0.00015714285714285716, 0.0001642857142857143, 0.00017142857142857145, 0.0001785714285714286, 0.00018571428571428574, 0.0001928571428571429, 0.0002])])",0.011289308012487035,0.006516143213957548,0.046737950295209885,0.5771959810778554,0.49761341760073524,4.140019055509277,0.5177243211413614,0.05513993749999899,0.03947554528713226,0.10926580429077148,0.7159156697835029,0.4921678038935666,1.9816091429333502,0.5270629333953862
10,10,0.9440389374999986,0 days 00:01:52.390520,0.95,0.0001928571428571429,448,"OrderedDict([('Dropout', [0.05, 0.08103448275862069, 0.11206896551724138, 0.14310344827586208, 0.17413793103448275, 0.20517241379310341, 0.2362068965517241, 0.2672413793103448, 0.2982758620689655, 0.32931034482758614, 0.36034482758620684, 0.39137931034482754, 0.42241379310344823, 0.45344827586206893, 0.48448275862068957, 0.5155172413793103, 0.546551724137931, 0.5775862068965517, 0.6086206896551724, 0.6396551724137931, 0.6706896551724137, 0.7017241379310345, 0.7327586206896551, 0.7637931034482758, 0.7948275862068965, 0.8258620689655172, 0.8568965517241379, 0.8879310344827586, 0.9189655172413792, 0.95]), ('learn_rate', [0.0001, 0.00010714285714285715, 0.0001142857142857143, 0.00012142857142857143, 0.00012857142857142858, 0.00013571428571428572, 0.00014285714285714287, 0.00015000000000000001, 0.00015714285714285716, 0.0001642857142857143, 0.00017142857142857145, 0.0001785714285714286, 0.00018571428571428574, 0.0001928571428571429, 0.0002])])",0.9959630528095734,0.013535268604755402,0.07368336617946625,0.013590131246910143,0.008786107897590989,0.07398202771840613,0.03886015668494641,0.9440389374999986,0.0531458742916584,0.13761545717716217,0.05629627357574801,0.05455346839582992,0.1457730732395372,0.0967882598385818
11,11,0.7650253749999998,0 days 00:01:51.348742,0.7948275862068965,0.00018571428571428574,372,"OrderedDict([('Dropout', [0.05, 0.08103448275862069, 0.11206896551724138, 0.14310344827586208, 0.17413793103448275, 0.20517241379310341, 0.2362068965517241, 0.2672413793103448, 0.2982758620689655, 0.32931034482758614, 0.36034482758620684, 0.39137931034482754, 0.42241379310344823, 0.45344827586206893, 0.48448275862068957, 0.5155172413793103, 0.546551724137931, 0.5775862068965517, 0.6086206896551724, 0.6396551724137931, 0.6706896551724137, 0.7017241379310345, 0.7327586206896551, 0.7637931034482758, 0.7948275862068965, 0.8258620689655172, 0.8568965517241379, 0.8879310344827586, 0.9189655172413792, 0.95]), ('learn_rate', [0.0001, 0.00010714285714285715, 0.0001142857142857143, 0.00012142857142857143, 0.00012857142857142858, 0.00013571428571428572, 0.00014285714285714287, 0.00015000000000000001, 0.00015714285714285716, 0.0001642857142857143, 0.00017142857142857145, 0.0001785714285714286, 0.00018571428571428574, 0.0001928571428571429, 0.0002])])",0.9494636771592094,0.007812260650098324,0.05306620895862579,0.008228077427324622,0.029174291745444447,0.055890720451149456,0.05180126589970818,0.7650253749999998,0.046042121946811676,0.12089231610298157,0.06018378403044695,0.14050837347340595,0.15802392973302565,0.1779334705514909
12,12,0.8138084374999999,0 days 00:01:52.308771,0.8879310344827586,0.0001642857142857143,414,"OrderedDict([('Dropout', [0.05, 0.08103448275862069, 0.11206896551724138, 0.14310344827586208, 0.17413793103448275, 0.20517241379310341, 0.2362068965517241, 0.2672413793103448, 0.2982758620689655, 0.32931034482758614, 0.36034482758620684, 0.39137931034482754, 0.42241379310344823, 0.45344827586206893, 0.48448275862068957, 0.5155172413793103, 0.546551724137931, 0.5775862068965517, 0.6086206896551724, 0.6396551724137931, 0.6706896551724137, 0.7017241379310345, 0.7327586206896551, 0.7637931034482758, 0.7948275862068965, 0.8258620689655172, 0.8568965517241379, 0.8879310344827586, 0.9189655172413792, 0.95]), ('learn_rate', [0.0001, 0.00010714285714285715, 0.0001142857142857143, 0.00012142857142857143, 0.00012857142857142858, 0.00013571428571428572, 0.00014285714285714287, 0.00015000000000000001, 0.00015714285714285716, 0.0001642857142857143, 0.00017142857142857145, 0.0001785714285714286, 0.00018571428571428574, 0.0001928571428571429, 0.0002])])",0.7434328433922994,0.011062582954764366,0.06565762311220169,0.014880406553314986,0.13381486978123247,0.08831681798265005,0.16111238985995113,0.8138084374999999,0.05211646109819412,0.13409380614757538,0.06404020737152179,0.11915401179909713,0.16477318244513212,0.16014268432378775
13,13,0.43728250000000146,0 days 00:01:51.274744,0.2982758620689655,0.00014285714285714287,126,"OrderedDict([('Dropout', [0.05, 0.08103448275862069, 0.11206896551724138, 0.14310344827586208, 0.17413793103448275, 0.20517241379310341, 0.2362068965517241, 0.2672413793103448, 0.2982758620689655, 0.32931034482758614, 0.36034482758620684, 0.39137931034482754, 0.42241379310344823, 0.45344827586206893, 0.48448275862068957, 0.5155172413793103, 0.546551724137931, 0.5775862068965517, 0.6086206896551724, 0.6396551724137931, 0.6706896551724137, 0.7017241379310345, 0.7327586206896551, 0.7637931034482758, 0.7948275862068965, 0.8258620689655172, 0.8568965517241379, 0.8879310344827586, 0.9189655172413792, 0.95]), ('learn_rate', [0.0001, 0.00010714285714285715, 0.0001142857142857143, 0.00012142857142857143, 0.00012857142857142858, 0.00013571428571428572, 0.00014285714285714287, 0.00015000000000000001, 0.00015714285714285716, 0.0001642857142857143, 0.00017142857142857145, 0.0001785714285714286, 0.00018571428571428574, 0.0001928571428571429, 0.0002])])",0.45144763917794073,0.006512066815048456,0.04614796116948128,0.014424855176796455,0.27753221381855386,0.1022221785310783,0.2973501609957703,0.43728250000000146,0.0437009334564209,0.11424119025468826,0.09993753113015214,0.3032092167282097,0.2612526004463656,0.3384793451273434
14,14,0.6339184375000003,0 days 00:01:52.977854,0.2672413793103448,0.0001142857142857143,107,"OrderedDict([('Dropout', [0.05, 0.08103448275862069, 0.11206896551724138, 0.14310344827586208, 0.17413793103448275, 0.20517241379310341, 0.2362068965517241, 0.2672413793103448, 0.2982758620689655, 0.32931034482758614, 0.36034482758620684, 0.39137931034482754, 0.42241379310344823, 0.45344827586206893, 0.48448275862068957, 0.5155172413793103, 0.546551724137931, 0.5775862068965517, 0.6086206896551724, 0.6396551724137931, 0.6706896551724137, 0.7017241379310345, 0.7327586206896551, 0.7637931034482758, 0.7948275862068965, 0.8258620689655172, 0.8568965517241379, 0.8879310344827586, 0.9189655172413792, 0.95]), ('learn_rate', [0.0001, 0.00010714285714285715, 0.0001142857142857143, 0.00012142857142857143, 0.00012857142857142858, 0.00013571428571428572, 0.00014285714285714287, 0.00015000000000000001, 0.00015714285714285716, 0.0001642857142857143, 0.00017142857142857145, 0.0001785714285714286, 0.00018571428571428574, 0.0001928571428571429, 0.0002])])",0.8491501235691987,0.00662190793082118,0.04659927636384964,0.007798277061996505,0.07873589218081123,0.05487754764490967,0.09872457639732546,0.6339184375000003,0.04348764568567276,0.11418227851390839,0.0686013264690266,0.20478460409283622,0.18012140325845677,0.24013192050695403
15,15,0.4987620624999989,0 days 00:01:52.645849,0.546551724137931,0.00017142857142857145,250,"OrderedDict([('Dropout', [0.05, 0.08103448275862069, 0.11206896551724138, 0.14310344827586208, 0.17413793103448275, 0.20517241379310341, 0.2362068965517241, 0.2672413793103448, 0.2982758620689655, 0.32931034482758614, 0.36034482758620684, 0.39137931034482754, 0.42241379310344823, 0.45344827586206893, 0.48448275862068957, 0.5155172413793103, 0.546551724137931, 0.5775862068965517, 0.6086206896551724, 0.6396551724137931, 0.6706896551724137, 0.7017241379310345, 0.7327586206896551, 0.7637931034482758, 0.7948275862068965, 0.8258620689655172, 0.8568965517241379, 0.8879310344827586, 0.9189655172413792, 0.95]), ('learn_rate', [0.0001, 0.00010714285714285715, 0.0001142857142857143, 0.00012142857142857143, 0.00012857142857142858, 0.00013571428571428572, 0.00014285714285714287, 0.00015000000000000001, 0.00015714285714285716, 0.0001642857142857143, 0.00017142857142857145, 0.0001785714285714286, 0.00018571428571428574, 0.0001928571428571429, 0.0002])])",0.5683150884495326,0.007554549258202314,0.051844626665115356,0.013292888771988273,0.21961973040433486,0.09122514555535903,0.24176476910779138,0.4987620624999989,0.046401701867580414,0.12060084193944931,0.09303374365523344,0.27381981968379077,0.24180035132373282,0.3109193897197252
