,number,value,duration,params_Dropout,params_learn_rate,system_attrs_grid_id,system_attrs_search_space,ID_G,ID_MSE,ID_MAE,ID_G_div_MSE,ID_G_sum_MSE,ID_G_div_MAE,ID_G_sum_MAE,OD_G,OD_MSE,OD_MAE,OD_G_div_MSE,OD_G_sum_MSE,OD_G_div_MAE,OD_G_sum_MAE
352,352,0.7390043124999994,0 days 00:01:52.831366,0.6396551724137931,0.00012142857142857143,288,"OrderedDict([('Dropout', [0.05, 0.08103448275862069, 0.11206896551724138, 0.14310344827586208, 0.17413793103448275, 0.20517241379310341, 0.2362068965517241, 0.2672413793103448, 0.2982758620689655, 0.32931034482758614, 0.36034482758620684, 0.39137931034482754, 0.42241379310344823, 0.45344827586206893, 0.48448275862068957, 0.5155172413793103, 0.546551724137931, 0.5775862068965517, 0.6086206896551724, 0.6396551724137931, 0.6706896551724137, 0.7017241379310345, 0.7327586206896551, 0.7637931034482758, 0.7948275862068965, 0.8258620689655172, 0.8568965517241379, 0.8879310344827586, 0.9189655172413792, 0.95]), ('learn_rate', [0.0001, 0.00010714285714285715, 0.0001142857142857143, 0.00012142857142857143, 0.00012857142857142858, 0.00013571428571428572, 0.00014285714285714287, 0.00015000000000000001, 0.00015714285714285716, 0.0001642857142857143, 0.00017142857142857145, 0.0001785714285714286, 0.00018571428571428574, 0.0001928571428571429, 0.0002])])",0.9997486114724243,0.007395838852971792,0.05075705051422119,0.0073976985495176045,0.0038236136902737305,0.05076981346287292,0.02550421952089843,0.7390043124999994,0.04599068686366081,0.12051961570978165,0.062233313237479715,0.1534931871818307,0.16308377863462298,0.1907576516048911
353,353,0.38837481249999883,0 days 00:01:53.705878,0.39137931034482754,0.00013571428571428572,170,"OrderedDict([('Dropout', [0.05, 0.08103448275862069, 0.11206896551724138, 0.14310344827586208, 0.17413793103448275, 0.20517241379310341, 0.2362068965517241, 0.2672413793103448, 0.2982758620689655, 0.32931034482758614, 0.36034482758620684, 0.39137931034482754, 0.42241379310344823, 0.45344827586206893, 0.48448275862068957, 0.5155172413793103, 0.546551724137931, 0.5775862068965517, 0.6086206896551724, 0.6396551724137931, 0.6706896551724137, 0.7017241379310345, 0.7327586206896551, 0.7637931034482758, 0.7948275862068965, 0.8258620689655172, 0.8568965517241379, 0.8879310344827586, 0.9189655172413792, 0.95]), ('learn_rate', [0.0001, 0.00010714285714285715, 0.0001142857142857143, 0.00012142857142857143, 0.00012857142857142858, 0.00013571428571428572, 0.00014285714285714287, 0.00015000000000000001, 0.00015714285714285716, 0.0001642857142857143, 0.00017142857142857145, 0.0001785714285714286, 0.00018571428571428574, 0.0001928571428571429, 0.0002])])",0.539595304370447,0.006833287421613932,0.048975005745887756,0.01266372662302245,0.23361899152558346,0.09076247578363852,0.2546898506877204,0.38837481249999883,0.04366624727845192,0.11666059494018555,0.11243326259334094,0.32764571738922654,0.30038146446529895,0.36414289122009336
354,354,0.6099296875000012,0 days 00:01:53.951839,0.36034482758620684,0.00017142857142857145,160,"OrderedDict([('Dropout', [0.05, 0.08103448275862069, 0.11206896551724138, 0.14310344827586208, 0.17413793103448275, 0.20517241379310341, 0.2362068965517241, 0.2672413793103448, 0.2982758620689655, 0.32931034482758614, 0.36034482758620684, 0.39137931034482754, 0.42241379310344823, 0.45344827586206893, 0.48448275862068957, 0.5155172413793103, 0.546551724137931, 0.5775862068965517, 0.6086206896551724, 0.6396551724137931, 0.6706896551724137, 0.7017241379310345, 0.7327586206896551, 0.7637931034482758, 0.7948275862068965, 0.8258620689655172, 0.8568965517241379, 0.8879310344827586, 0.9189655172413792, 0.95]), ('learn_rate', [0.0001, 0.00010714285714285715, 0.0001142857142857143, 0.00012142857142857143, 0.00012857142857142858, 0.00013571428571428572, 0.00014285714285714287, 0.00015000000000000001, 0.00015714285714285716, 0.0001642857142857143, 0.00017142857142857145, 0.0001785714285714286, 0.00018571428571428574, 0.0001928571428571429, 0.0002])])",0.7056240959937569,0.006424307823181152,0.047044940292835236,0.00910443373413086,0.15040010591471215,0.06667139141072001,0.1707104221495392,0.6099296875000012,0.03857037425041199,0.10879877954721451,0.0632374108702684,0.2143203433752054,0.17837921612434104,0.24943454602360665
355,355,0.3762790624999999,0 days 00:01:54.844857,0.2362068965517241,0.0001928571428571429,103,"OrderedDict([('Dropout', [0.05, 0.08103448275862069, 0.11206896551724138, 0.14310344827586208, 0.17413793103448275, 0.20517241379310341, 0.2362068965517241, 0.2672413793103448, 0.2982758620689655, 0.32931034482758614, 0.36034482758620684, 0.39137931034482754, 0.42241379310344823, 0.45344827586206893, 0.48448275862068957, 0.5155172413793103, 0.546551724137931, 0.5775862068965517, 0.6086206896551724, 0.6396551724137931, 0.6706896551724137, 0.7017241379310345, 0.7327586206896551, 0.7637931034482758, 0.7948275862068965, 0.8258620689655172, 0.8568965517241379, 0.8879310344827586, 0.9189655172413792, 0.95]), ('learn_rate', [0.0001, 0.00010714285714285715, 0.0001142857142857143, 0.00012142857142857143, 0.00012857142857142858, 0.00013571428571428572, 0.00014285714285714287, 0.00015000000000000001, 0.00015714285714285716, 0.0001642857142857143, 0.00017142857142857145, 0.0001785714285714286, 0.00018571428571428574, 0.0001928571428571429, 0.0002])])",0.5670844823100951,0.006382495630532503,0.045827191323041916,0.011254929079583604,0.2196490066602187,0.08081192970817799,0.2393713545064734,0.3762790624999999,0.04169859364628792,0.1112249568104744,0.11081826708412172,0.332709765573144,0.2955916709037576,0.36747294715523726
356,356,0.7458376875000008,0 days 00:01:53.948753,0.5775862068965517,0.00015000000000000001,262,"OrderedDict([('Dropout', [0.05, 0.08103448275862069, 0.11206896551724138, 0.14310344827586208, 0.17413793103448275, 0.20517241379310341, 0.2362068965517241, 0.2672413793103448, 0.2982758620689655, 0.32931034482758614, 0.36034482758620684, 0.39137931034482754, 0.42241379310344823, 0.45344827586206893, 0.48448275862068957, 0.5155172413793103, 0.546551724137931, 0.5775862068965517, 0.6086206896551724, 0.6396551724137931, 0.6706896551724137, 0.7017241379310345, 0.7327586206896551, 0.7637931034482758, 0.7948275862068965, 0.8258620689655172, 0.8568965517241379, 0.8879310344827586, 0.9189655172413792, 0.95]), ('learn_rate', [0.0001, 0.00010714285714285715, 0.0001142857142857143, 0.00012142857142857143, 0.00012857142857142858, 0.00013571428571428572, 0.00014285714285714287, 0.00015000000000000001, 0.00015714285714285716, 0.0001642857142857143, 0.00017142857142857145, 0.0001785714285714286, 0.00018571428571428574, 0.0001928571428571429, 0.0002])])",0.9223976781997933,0.007084367331117392,0.04913008213043213,0.0076803828744925595,0.04234334456566202,0.05326344947692989,0.06336620196531939,0.7458376875000008,0.04516841098666191,0.11845572292804718,0.06056064441857782,0.14966536174333056,0.15882238845438748,0.1863090177140232
357,357,0.5816717500000005,0 days 00:01:53.648336,0.17413793103448275,0.0001,60,"OrderedDict([('Dropout', [0.05, 0.08103448275862069, 0.11206896551724138, 0.14310344827586208, 0.17413793103448275, 0.20517241379310341, 0.2362068965517241, 0.2672413793103448, 0.2982758620689655, 0.32931034482758614, 0.36034482758620684, 0.39137931034482754, 0.42241379310344823, 0.45344827586206893, 0.48448275862068957, 0.5155172413793103, 0.546551724137931, 0.5775862068965517, 0.6086206896551724, 0.6396551724137931, 0.6706896551724137, 0.7017241379310345, 0.7327586206896551, 0.7637931034482758, 0.7948275862068965, 0.8258620689655172, 0.8568965517241379, 0.8879310344827586, 0.9189655172413792, 0.95]), ('learn_rate', [0.0001, 0.00010714285714285715, 0.0001142857142857143, 0.00012142857142857143, 0.00012857142857142858, 0.00013571428571428572, 0.00014285714285714287, 0.00015000000000000001, 0.00015714285714285716, 0.0001642857142857143, 0.00017142857142857145, 0.0001785714285714286, 0.00018571428571428574, 0.0001928571428571429, 0.0002])])",0.6695326027575454,0.007023066282272339,0.05038147792220116,0.010489506042494495,0.16874523176236345,0.07524872980747967,0.19042443758232785,0.5816717500000005,0.04022612422704697,0.11292553693056107,0.0691560561898475,0.22927718711352324,0.19413962760020745,0.2656268934652803
358,358,0.4319346562500005,0 days 00:01:54.022009,0.11206896551724138,0.0001642857142857143,39,"OrderedDict([('Dropout', [0.05, 0.08103448275862069, 0.11206896551724138, 0.14310344827586208, 0.17413793103448275, 0.20517241379310341, 0.2362068965517241, 0.2672413793103448, 0.2982758620689655, 0.32931034482758614, 0.36034482758620684, 0.39137931034482754, 0.42241379310344823, 0.45344827586206893, 0.48448275862068957, 0.5155172413793103, 0.546551724137931, 0.5775862068965517, 0.6086206896551724, 0.6396551724137931, 0.6706896551724137, 0.7017241379310345, 0.7327586206896551, 0.7637931034482758, 0.7948275862068965, 0.8258620689655172, 0.8568965517241379, 0.8879310344827586, 0.9189655172413792, 0.95]), ('learn_rate', [0.0001, 0.00010714285714285715, 0.0001142857142857143, 0.00012142857142857143, 0.00012857142857142858, 0.00013571428571428572, 0.00014285714285714287, 0.00015000000000000001, 0.00015714285714285716, 0.0001642857142857143, 0.00017142857142857145, 0.0001785714285714286, 0.00018571428571428574, 0.0001928571428571429, 0.0002])])",0.6457739659209155,0.006295995321124792,0.04580848664045334,0.009749534130175555,0.18026101470010464,0.07093579031964763,0.2000172603597689,0.4319346562500005,0.04074396565556526,0.11072925478219986,0.09432900339439992,0.3044046547027824,0.25635649554850864,0.3393972992660997
359,359,0.3438739374999997,0 days 00:01:52.729072,0.08103448275862069,0.0001642857142857143,24,"OrderedDict([('Dropout', [0.05, 0.08103448275862069, 0.11206896551724138, 0.14310344827586208, 0.17413793103448275, 0.20517241379310341, 0.2362068965517241, 0.2672413793103448, 0.2982758620689655, 0.32931034482758614, 0.36034482758620684, 0.39137931034482754, 0.42241379310344823, 0.45344827586206893, 0.48448275862068957, 0.5155172413793103, 0.546551724137931, 0.5775862068965517, 0.6086206896551724, 0.6396551724137931, 0.6706896551724137, 0.7017241379310345, 0.7327586206896551, 0.7637931034482758, 0.7948275862068965, 0.8258620689655172, 0.8568965517241379, 0.8879310344827586, 0.9189655172413792, 0.95]), ('learn_rate', [0.0001, 0.00010714285714285715, 0.0001142857142857143, 0.00012142857142857143, 0.00012857142857142858, 0.00013571428571428572, 0.00014285714285714287, 0.00015000000000000001, 0.00015714285714285716, 0.0001642857142857143, 0.00017142857142857145, 0.0001785714285714286, 0.00018571428571428574, 0.0001928571428571429, 0.0002])])",0.5089023543184182,0.005989314988255501,0.04426548629999161,0.011769084849837439,0.24854348033491863,0.08698227847516474,0.2676815659907867,0.3438739374999997,0.038011521100997925,0.11077627539634705,0.11053911609977117,0.3470687918004991,0.3221421088254097,0.38345116894817366
360,360,0.7975257499999995,0 days 00:01:53.892393,0.6396551724137931,0.0001642857142857143,294,"OrderedDict([('Dropout', [0.05, 0.08103448275862069, 0.11206896551724138, 0.14310344827586208, 0.17413793103448275, 0.20517241379310341, 0.2362068965517241, 0.2672413793103448, 0.2982758620689655, 0.32931034482758614, 0.36034482758620684, 0.39137931034482754, 0.42241379310344823, 0.45344827586206893, 0.48448275862068957, 0.5155172413793103, 0.546551724137931, 0.5775862068965517, 0.6086206896551724, 0.6396551724137931, 0.6706896551724137, 0.7017241379310345, 0.7327586206896551, 0.7637931034482758, 0.7948275862068965, 0.8258620689655172, 0.8568965517241379, 0.8879310344827586, 0.9189655172413792, 0.95]), ('learn_rate', [0.0001, 0.00010714285714285715, 0.0001142857142857143, 0.00012142857142857143, 0.00012857142857142858, 0.00013571428571428572, 0.00014285714285714287, 0.00015000000000000001, 0.00015714285714285716, 0.0001642857142857143, 0.00017142857142857145, 0.0001785714285714286, 0.00018571428571428574, 0.0001928571428571429, 0.0002])])",0.9927122040842871,0.0074801757000386715,0.05111052468419075,0.007535089897417601,0.007383985807875804,0.051485742266397246,0.029199160299951843,0.7975257499999995,0.04269833862781525,0.11544201523065567,0.053538507851082266,0.12258629431390788,0.14475020427949284,0.1589581326153281
361,361,0.5492897499999994,0 days 00:01:53.569715,0.48448275862068957,0.00015714285714285716,218,"OrderedDict([('Dropout', [0.05, 0.08103448275862069, 0.11206896551724138, 0.14310344827586208, 0.17413793103448275, 0.20517241379310341, 0.2362068965517241, 0.2672413793103448, 0.2982758620689655, 0.32931034482758614, 0.36034482758620684, 0.39137931034482754, 0.42241379310344823, 0.45344827586206893, 0.48448275862068957, 0.5155172413793103, 0.546551724137931, 0.5775862068965517, 0.6086206896551724, 0.6396551724137931, 0.6706896551724137, 0.7017241379310345, 0.7327586206896551, 0.7637931034482758, 0.7948275862068965, 0.8258620689655172, 0.8568965517241379, 0.8879310344827586, 0.9189655172413792, 0.95]), ('learn_rate', [0.0001, 0.00010714285714285715, 0.0001142857142857143, 0.00012142857142857143, 0.00012857142857142858, 0.00013571428571428572, 0.00014285714285714287, 0.00015000000000000001, 0.00015714285714285716, 0.0001642857142857143, 0.00017142857142857145, 0.0001785714285714286, 0.00018571428571428574, 0.0001928571428571429, 0.0002])])",0.6853957661290315,0.007003375794738531,0.04840678349137306,0.010218002708554939,0.1608038048328535,0.07062603226273807,0.18150550868117077,0.5492897499999994,0.04417968913912773,0.11620301008224487,0.08043057264244924,0.2474449695695642,0.21155138992170344,0.28345663004112276
362,362,0.40610390624999854,0 days 00:01:56.347594,0.11206896551724138,0.00015000000000000001,37,"OrderedDict([('Dropout', [0.05, 0.08103448275862069, 0.11206896551724138, 0.14310344827586208, 0.17413793103448275, 0.20517241379310341, 0.2362068965517241, 0.2672413793103448, 0.2982758620689655, 0.32931034482758614, 0.36034482758620684, 0.39137931034482754, 0.42241379310344823, 0.45344827586206893, 0.48448275862068957, 0.5155172413793103, 0.546551724137931, 0.5775862068965517, 0.6086206896551724, 0.6396551724137931, 0.6706896551724137, 0.7017241379310345, 0.7327586206896551, 0.7637931034482758, 0.7948275862068965, 0.8258620689655172, 0.8568965517241379, 0.8879310344827586, 0.9189655172413792, 0.95]), ('learn_rate', [0.0001, 0.00010714285714285715, 0.0001142857142857143, 0.00012142857142857143, 0.00012857142857142858, 0.00013571428571428572, 0.00014285714285714287, 0.00015000000000000001, 0.00015714285714285716, 0.0001642857142857143, 0.00017142857142857145, 0.0001785714285714286, 0.00018571428571428574, 0.0001928571428571429, 0.0002])])",0.33770582726326687,0.006240158807486296,0.04596903175115585,0.018478090408021376,0.3342671657721097,0.1361215236458433,0.35413160224394447,0.40610390624999854,0.03810533881187439,0.10962876677513123,0.0938315003264624,0.31600071628093795,0.26995250498192325,0.3517624302625664
363,363,0.7126136250000001,0 days 00:01:55.769767,0.7948275862068965,0.00010714285714285715,361,"OrderedDict([('Dropout', [0.05, 0.08103448275862069, 0.11206896551724138, 0.14310344827586208, 0.17413793103448275, 0.20517241379310341, 0.2362068965517241, 0.2672413793103448, 0.2982758620689655, 0.32931034482758614, 0.36034482758620684, 0.39137931034482754, 0.42241379310344823, 0.45344827586206893, 0.48448275862068957, 0.5155172413793103, 0.546551724137931, 0.5775862068965517, 0.6086206896551724, 0.6396551724137931, 0.6706896551724137, 0.7017241379310345, 0.7327586206896551, 0.7637931034482758, 0.7948275862068965, 0.8258620689655172, 0.8568965517241379, 0.8879310344827586, 0.9189655172413792, 0.95]), ('learn_rate', [0.0001, 0.00010714285714285715, 0.0001142857142857143, 0.00012142857142857143, 0.00012857142857142858, 0.00013571428571428572, 0.00014285714285714287, 0.00015000000000000001, 0.00015714285714285716, 0.0001642857142857143, 0.00017142857142857145, 0.0001785714285714286, 0.00018571428571428574, 0.0001928571428571429, 0.0002])])",0.6374064451092616,0.009068579412996769,0.05839740112423897,0.014227310505845718,0.1858310671518676,0.09161721154894932,0.2104954780074887,0.7126136250000001,0.048159271478652954,0.1259607970714569,0.06758118254987469,0.1677728232393264,0.17675889521682508,0.20667358603572838
364,364,0.08119081250000021,0 days 00:01:54.190141,0.08103448275862069,0.0001928571428571429,28,"OrderedDict([('Dropout', [0.05, 0.08103448275862069, 0.11206896551724138, 0.14310344827586208, 0.17413793103448275, 0.20517241379310341, 0.2362068965517241, 0.2672413793103448, 0.2982758620689655, 0.32931034482758614, 0.36034482758620684, 0.39137931034482754, 0.42241379310344823, 0.45344827586206893, 0.48448275862068957, 0.5155172413793103, 0.546551724137931, 0.5775862068965517, 0.6086206896551724, 0.6396551724137931, 0.6706896551724137, 0.7017241379310345, 0.7327586206896551, 0.7637931034482758, 0.7948275862068965, 0.8258620689655172, 0.8568965517241379, 0.8879310344827586, 0.9189655172413792, 0.95]), ('learn_rate', [0.0001, 0.00010714285714285715, 0.0001142857142857143, 0.00012142857142857143, 0.00012857142857142858, 0.00013571428571428572, 0.00014285714285714287, 0.00015000000000000001, 0.00015714285714285716, 0.0001642857142857143, 0.00017142857142857145, 0.0001785714285714286, 0.00018571428571428574, 0.0001928571428571429, 0.0002])])",0.021723556191467007,0.006295736879110336,0.046175166964530945,0.2898115218162713,0.49228609034382165,2.1255804785161514,0.512225805386532,0.08119081250000021,0.03800131380558014,0.10698855668306351,0.46804943361762813,0.47840525065278994,1.3177421605808322,0.5128988720915316
365,365,0.6442179999999987,0 days 00:01:54.133984,0.42241379310344823,0.00014285714285714287,186,"OrderedDict([('Dropout', [0.05, 0.08103448275862069, 0.11206896551724138, 0.14310344827586208, 0.17413793103448275, 0.20517241379310341, 0.2362068965517241, 0.2672413793103448, 0.2982758620689655, 0.32931034482758614, 0.36034482758620684, 0.39137931034482754, 0.42241379310344823, 0.45344827586206893, 0.48448275862068957, 0.5155172413793103, 0.546551724137931, 0.5775862068965517, 0.6086206896551724, 0.6396551724137931, 0.6706896551724137, 0.7017241379310345, 0.7327586206896551, 0.7637931034482758, 0.7948275862068965, 0.8258620689655172, 0.8568965517241379, 0.8879310344827586, 0.9189655172413792, 0.95]), ('learn_rate', [0.0001, 0.00010714285714285715, 0.0001142857142857143, 0.00012142857142857143, 0.00012857142857142858, 0.00013571428571428572, 0.00014285714285714287, 0.00015000000000000001, 0.00015714285714285716, 0.0001642857142857143, 0.00017142857142857145, 0.0001785714285714286, 0.00018571428571428574, 0.0001928571428571429, 0.0002])])",0.8751209027055148,0.006884866394102573,0.04808804392814636,0.00786733167133523,0.06588198184429389,0.05495017177566878,0.08648357061131579,0.6442179999999987,0.042453378438949585,0.11425483971834183,0.06589908763640517,0.19911768921947542,0.1773543113019848,0.23501841985917155
366,366,0.28788625000000145,0 days 00:01:54.703712,0.05,0.0001142857142857143,2,"OrderedDict([('Dropout', [0.05, 0.08103448275862069, 0.11206896551724138, 0.14310344827586208, 0.17413793103448275, 0.20517241379310341, 0.2362068965517241, 0.2672413793103448, 0.2982758620689655, 0.32931034482758614, 0.36034482758620684, 0.39137931034482754, 0.42241379310344823, 0.45344827586206893, 0.48448275862068957, 0.5155172413793103, 0.546551724137931, 0.5775862068965517, 0.6086206896551724, 0.6396551724137931, 0.6706896551724137, 0.7017241379310345, 0.7327586206896551, 0.7637931034482758, 0.7948275862068965, 0.8258620689655172, 0.8568965517241379, 0.8879310344827586, 0.9189655172413792, 0.95]), ('learn_rate', [0.0001, 0.00010714285714285715, 0.0001142857142857143, 0.00012142857142857143, 0.00012857142857142858, 0.00013571428571428572, 0.00014285714285714287, 0.00015000000000000001, 0.00015714285714285716, 0.0001642857142857143, 0.00017142857142857145, 0.0001785714285714286, 0.00018571428571428574, 0.0001928571428571429, 0.0002])])",0.5699665647762742,0.006351464428007603,0.046135928481817245,0.011143573712083809,0.21819244982586672,0.080944973500203,0.23808468185277154,0.28788625000000145,0.04330318048596382,0.11547403037548065,0.15041767533518396,0.3777084652429812,0.4011099188498237,0.4137938901877396
367,367,0.41022637499999925,0 days 00:01:53.657444,0.14310344827586208,0.0002,59,"OrderedDict([('Dropout', [0.05, 0.08103448275862069, 0.11206896551724138, 0.14310344827586208, 0.17413793103448275, 0.20517241379310341, 0.2362068965517241, 0.2672413793103448, 0.2982758620689655, 0.32931034482758614, 0.36034482758620684, 0.39137931034482754, 0.42241379310344823, 0.45344827586206893, 0.48448275862068957, 0.5155172413793103, 0.546551724137931, 0.5775862068965517, 0.6086206896551724, 0.6396551724137931, 0.6706896551724137, 0.7017241379310345, 0.7327586206896551, 0.7637931034482758, 0.7948275862068965, 0.8258620689655172, 0.8568965517241379, 0.8879310344827586, 0.9189655172413792, 0.95]), ('learn_rate', [0.0001, 0.00010714285714285715, 0.0001142857142857143, 0.00012142857142857143, 0.00012857142857142858, 0.00013571428571428572, 0.00014285714285714287, 0.00015000000000000001, 0.00015714285714285716, 0.0001642857142857143, 0.00017142857142857145, 0.0001785714285714286, 0.00018571428571428574, 0.0001928571428571429, 0.0002])])",0.5334325312174814,0.005850641988217831,0.043544527143239975,0.010967913739465046,0.23620905538536824,0.08163080538762042,0.2550559979628793,0.41022637499999925,0.0417054146528244,0.11151716113090515,0.10166439116164698,0.3157395198264126,0.27184298213615676,0.35064539306545295
